<?xml version="1.0" encoding="UTF-8"?>
<!-- Generated by org.testng.reporters.JUnitReportReporter -->
<testsuite hostname="MSI" failures="0" tests="1" name="TestCases.LoginTest" time="11.944" errors="0" timestamp="2024-01-12T16:44:37 IST" skipped="0">
  <testcase classname="TestCases.LoginTest" name="loginTestForInactiveUsers" time="11.944"/>
</testsuite> <!-- TestCases.LoginTest -->
