<?xml version="1.0" encoding="UTF-8"?>
<!-- Generated by org.testng.reporters.JUnitReportReporter -->
<testsuite hostname="WMS" failures="0" tests="1" name="TestCases.LoginTest" time="2.904" errors="0" timestamp="2024-01-08T17:13:52 IST" skipped="0">
  <testcase classname="TestCases.LoginTest" name="testThePage" time="2.904"/>
</testsuite> <!-- TestCases.LoginTest -->
