<?xml version="1.0" encoding="UTF-8"?>
<!-- Generated by org.testng.reporters.JUnitReportReporter -->
<testsuite hostname="MSI" failures="0" tests="6" name="TestCases.LoginTest" time="167.800" errors="0" timestamp="2024-01-12T12:49:13 IST" skipped="0">
  <testcase classname="TestCases.LoginTest" name="adminUserLoginTest" time="37.434"/>
  <testcase classname="TestCases.LoginTest" name="employeeUserLoginTest" time="34.262"/>
  <testcase classname="TestCases.LoginTest" name="supervisorUserLoginTest" time="8.538"/>
  <testcase classname="TestCases.LoginTest" name="reviewerUserLoginTest" time="40.859"/>
  <testcase classname="TestCases.LoginTest" name="loginWithWrongPassword" time="27.885"/>
  <testcase classname="TestCases.LoginTest" name="loginWithWrongUserName" time="18.822"/>
</testsuite> <!-- TestCases.LoginTest -->
