<?xml version="1.0" encoding="UTF-8"?>
<!-- Generated by org.testng.reporters.JUnitReportReporter -->
<testsuite hostname="WMS" failures="0" tests="1" name="TestCases.LoginTest" time="2.821" errors="0" timestamp="2024-01-09T10:55:02 IST" skipped="0">
  <testcase classname="TestCases.LoginTest" name="logintest" time="2.821"/>
</testsuite> <!-- TestCases.LoginTest -->
